e:\ikasgaiak\popbl_git\jokoa\cybermukode\cyber-mukode\debug\vc142.pdb
e:\ikasgaiak\popbl_git\jokoa\cybermukode\cyber-mukode\debug\vc142.idb
e:\ikasgaiak\popbl_git\jokoa\cybermukode\cyber-mukode\debug\main.obj
e:\ikasgaiak\popbl_git\jokoa\cybermukode\cyber-mukode\debug\puntuazio.obj
e:\ikasgaiak\popbl_git\jokoa\cybermukode\cyber-mukode\debug\minijokoa.obj
e:\ikasgaiak\popbl_git\jokoa\cybermukode\cyber-mukode\debug\menu.obj
e:\ikasgaiak\popbl_git\jokoa\cybermukode\cyber-mukode\debug\jokoa.obj
e:\ikasgaiak\popbl_git\jokoa\cybermukode\cyber-mukode\debug\funjokoa.obj
e:\ikasgaiak\popbl_git\jokoa\cybermukode\cyber-mukode\debug\text.obj
e:\ikasgaiak\popbl_git\jokoa\cybermukode\cyber-mukode\debug\soinua.obj
e:\ikasgaiak\popbl_git\jokoa\cybermukode\cyber-mukode\debug\imagen.obj
e:\ikasgaiak\popbl_git\jokoa\cybermukode\cyber-mukode\debug\graphics.obj
e:\ikasgaiak\popbl_git\jokoa\cybermukode\cyber-mukode\debug\ebentoak.obj
e:\ikasgaiak\popbl_git\jokoa\cybermukode\debug\cyber-mukode.lib
e:\ikasgaiak\popbl_git\jokoa\cybermukode\debug\cyber-mukode.exp
e:\ikasgaiak\popbl_git\jokoa\cybermukode\debug\cyber-mukode.ilk
e:\ikasgaiak\popbl_git\jokoa\cybermukode\debug\cyber-mukode.exe
e:\ikasgaiak\popbl_git\jokoa\cybermukode\debug\cyber-mukode.pdb
e:\ikasgaiak\popbl_git\jokoa\cybermukode\cyber-mukode\debug\cyber-mukode.tlog\cl.command.1.tlog
e:\ikasgaiak\popbl_git\jokoa\cybermukode\cyber-mukode\debug\cyber-mukode.tlog\cl.read.1.tlog
e:\ikasgaiak\popbl_git\jokoa\cybermukode\cyber-mukode\debug\cyber-mukode.tlog\cl.write.1.tlog
e:\ikasgaiak\popbl_git\jokoa\cybermukode\cyber-mukode\debug\cyber-mukode.tlog\cyber-mukode.write.1u.tlog
e:\ikasgaiak\popbl_git\jokoa\cybermukode\cyber-mukode\debug\cyber-mukode.tlog\link.command.1.tlog
e:\ikasgaiak\popbl_git\jokoa\cybermukode\cyber-mukode\debug\cyber-mukode.tlog\link.read.1.tlog
e:\ikasgaiak\popbl_git\jokoa\cybermukode\cyber-mukode\debug\cyber-mukode.tlog\link.write.1.tlog
